Using pre-set license
Built from '2020.2/staging' branch; Version is '2020.2.7f1 (c53830e277f1) revision 12924976'; Using compiler version '192528614'; Build Type 'Release'
OS: 'Windows 10 Pro; OS build 22000.1219; Version 2009; 64bit' Language: 'no' Physical Memory: 16215 MB
BatchMode: 1, IsHumanControllingUs: 0, StartBugReporterOnCrash: 0, Is64bit: 1, IsPro: 0

 COMMAND LINE ARGUMENTS:
C:\Users\alekc\OneDrive\Applications\GE\Unity\Editor\Unity.exe
-adb2
-batchMode
-noUpm
-name
AssetImportWorker0
-projectPath
C:/Users/alekc/OneDrive/Applications/GE/Unity/Projects/Gravity Effect
-logFile
Logs/AssetImportWorker0.log
-srvPort
52581
Successfully changed project path to: C:/Users/alekc/OneDrive/Applications/GE/Unity/Projects/Gravity Effect
C:/Users/alekc/OneDrive/Applications/GE/Unity/Projects/Gravity Effect
Using Asset Import Pipeline V2.
Refreshing native plugins compatible for Editor in 83.85 ms, found 0 plugins.
Preloading 0 native plugins for Editor in 0.00 ms.
Initialize engine version: 2020.2.7f1 (c53830e277f1)
[Subsystems] Discovering subsystems at path C:/Users/alekc/OneDrive/Applications/GE/Unity/Editor/Data/Resources/UnitySubsystems
[Subsystems] Discovering subsystems at path C:/Users/alekc/OneDrive/Applications/GE/Unity/Projects/Gravity Effect/Assets
GfxDevice: creating device client; threaded=0
Direct3D:
    Version:  Direct3D 11.0 [level 11.1]
    Renderer: NVIDIA GeForce GTX 1650 (ID=0x1f99)
    Vendor:   
    VRAM:     3962 MB
    Driver:   30.0.15.1215
Initialize mono
Mono path[0] = 'C:/Users/alekc/OneDrive/Applications/GE/Unity/Editor/Data/Managed'
Mono path[1] = 'C:/Users/alekc/OneDrive/Applications/GE/Unity/Editor/Data/MonoBleedingEdge/lib/mono/unityjit'
Mono config path = 'C:/Users/alekc/OneDrive/Applications/GE/Unity/Editor/Data/MonoBleedingEdge/etc'
Using monoOptions --debugger-agent=transport=dt_socket,embedding=1,server=y,suspend=n,address=127.0.0.1:56740
Begin MonoManager ReloadAssembly
Registering precompiled unity dll's ...
Register platform support module: C:/Users/alekc/OneDrive/Applications/GE/Unity/Editor/Data/PlaybackEngines/WebGLSupport/UnityEditor.WebGL.Extensions.dll
Register platform support module: C:/Users/alekc/OneDrive/Applications/GE/Unity/Editor/Data/PlaybackEngines/MacStandaloneSupport/UnityEditor.OSXStandalone.Extensions.dll
Register platform support module: C:/Users/alekc/OneDrive/Applications/GE/Unity/Editor/Data/PlaybackEngines/WindowsStandaloneSupport/UnityEditor.WindowsStandalone.Extensions.dll
Register platform support module: C:/Users/alekc/OneDrive/Applications/GE/Unity/Editor/Data/PlaybackEngines/LinuxStandaloneSupport/UnityEditor.LinuxStandalone.Extensions.dll
Register platform support module: C:/Users/alekc/OneDrive/Applications/GE/Unity/Editor/Data/PlaybackEngines/LuminSupport/UnityEditor.Lumin.Extensions.dll
Registered in 0.003191 seconds.
Native extension for Lumin target not found
Native extension for LinuxStandalone target not found
Native extension for WindowsStandalone target not found
Native extension for OSXStandalone target not found
Native extension for WebGL target not found
Refreshing native plugins compatible for Editor in 85.47 ms, found 0 plugins.
Preloading 0 native plugins for Editor in 0.00 ms.
Invoked RoslynAnalysisRunner static constructor.
RoslynAnalysisRunner will not be running.
RoslynAnalysisRunner has terminated.
Mono: successfully reloaded assembly
- Completed reload, in  1.546 seconds
Platform modules already initialized, skipping
Registering precompiled user dll's ...
Registered in 0.001630 seconds.
Begin MonoManager ReloadAssembly
Native extension for Lumin target not found
Native extension for LinuxStandalone target not found
Native extension for WindowsStandalone target not found
Native extension for OSXStandalone target not found
Native extension for WebGL target not found
Refreshing native plugins compatible for Editor in 166.31 ms, found 0 plugins.
Preloading 0 native plugins for Editor in 0.00 ms.
Invoked RoslynAnalysisRunner static constructor.
RoslynAnalysisRunner will not be running.
RoslynAnalysisRunner has terminated.
Mono: successfully reloaded assembly
- Completed reload, in  2.671 seconds
Platform modules already initialized, skipping
========================================================================
Worker process is ready to serve import requests
Launched and connected shader compiler UnityShaderCompiler.exe after 0.04 seconds
Refreshing native plugins compatible for Editor in 1.40 ms, found 0 plugins.
Preloading 0 native plugins for Editor in 0.00 ms.
Unloading 4406 Unused Serialized files (Serialized files now loaded: 0)
System memory in use before: 208.0 MB.
System memory in use after: 205.5 MB.

Unloading 39 unused Assets to reduce memory usage. Loaded Objects now: 4847.
Total: 6.426700 ms (FindLiveObjects: 0.753600 ms CreateObjectMapping: 0.528400 ms MarkObjects: 3.322600 ms  DeleteObjects: 1.820400 ms)

========================================================================
Received Import Request.
  path: Assets/Scenes/MainScene/MainScene.unity
  artifactKey: Guid(12b5fa2b2b9448f45b153cdeed656170) Importer(815301076,1909f56bfc062723c751e8b465ee728b)
Start importing Assets/Scenes/MainScene/MainScene.unity using Guid(12b5fa2b2b9448f45b153cdeed656170) Importer(815301076,1909f56bfc062723c751e8b465ee728b)  -> (artifact id: '4cae5ea8ac95177697d403cffc7b9adf') in 0.016931 seconds
  Import took 0.025338 seconds .

========================================================================
Received Import Request.
  Time since last request: 148.783347 seconds.
  path: Assets/Scenes/test/test2
  artifactKey: Guid(c62bce65d05a55247806ae697673883b) Importer(815301076,1909f56bfc062723c751e8b465ee728b)
Start importing Assets/Scenes/test/test2 using Guid(c62bce65d05a55247806ae697673883b) Importer(815301076,1909f56bfc062723c751e8b465ee728b)  -> (artifact id: '8a66c449829ec5ff79e22d6b91a4e8f0') in 0.004215 seconds
  Import took 0.013652 seconds .

========================================================================
Received Import Request.
  Time since last request: 0.001222 seconds.
  path: Assets/Scenes/test/test2
  artifactKey: Guid(c62bce65d05a55247806ae697673883b) Importer(815301076,1909f56bfc062723c751e8b465ee728b)
Start importing Assets/Scenes/test/test2 using Guid(c62bce65d05a55247806ae697673883b) Importer(815301076,1909f56bfc062723c751e8b465ee728b)  -> (artifact id: '8a66c449829ec5ff79e22d6b91a4e8f0') in 0.002817 seconds
  Import took 0.012460 seconds .

========================================================================
Received Import Request.
  Time since last request: 0.173106 seconds.
  path: Assets/Scenes/test/test2/Sky and Fog Settings Profile.asset
  artifactKey: Guid(de8abc5415e68184abf94a1e18410c54) Importer(815301076,1909f56bfc062723c751e8b465ee728b)
Start importing Assets/Scenes/test/test2/Sky and Fog Settings Profile.asset using Guid(de8abc5415e68184abf94a1e18410c54) Importer(815301076,1909f56bfc062723c751e8b465ee728b)  -> (artifact id: 'ea80920dd618771bcae8c053f217f68d') in 0.028217 seconds
  Import took 0.037801 seconds .

========================================================================
Received Import Request.
  Time since last request: 4.300046 seconds.
  path: Assets/Scenes/test/test1.unity
  artifactKey: Guid(dd6d905b3ae94c343b5135a2fbc76f80) Importer(815301076,1909f56bfc062723c751e8b465ee728b)
Start importing Assets/Scenes/test/test1.unity using Guid(dd6d905b3ae94c343b5135a2fbc76f80) Importer(815301076,1909f56bfc062723c751e8b465ee728b)  -> (artifact id: 'b75abac52f3ad1cb0af4b4e0612a1d87') in 0.004100 seconds
  Import took 0.013671 seconds .

========================================================================
Received Import Request.
  Time since last request: 0.001135 seconds.
  path: Assets/Scenes/test/test1.unity
  artifactKey: Guid(dd6d905b3ae94c343b5135a2fbc76f80) Importer(815301076,1909f56bfc062723c751e8b465ee728b)
Start importing Assets/Scenes/test/test1.unity using Guid(dd6d905b3ae94c343b5135a2fbc76f80) Importer(815301076,1909f56bfc062723c751e8b465ee728b)  -> (artifact id: 'b75abac52f3ad1cb0af4b4e0612a1d87') in 0.003185 seconds
  Import took 0.012136 seconds .

========================================================================
Received Prepare
Registering precompiled user dll's ...
Registered in 0.001797 seconds.
Begin MonoManager ReloadAssembly
Native extension for Lumin target not found
Native extension for LinuxStandalone target not found
Native extension for WindowsStandalone target not found
Native extension for OSXStandalone target not found
Native extension for WebGL target not found
Refreshing native plugins compatible for Editor in 0.69 ms, found 0 plugins.
Preloading 0 native plugins for Editor in 0.00 ms.
Invoked RoslynAnalysisRunner static constructor.
RoslynAnalysisRunner will not be running.
RoslynAnalysisRunner has terminated.
Mono: successfully reloaded assembly
- Completed reload, in  1.251 seconds
Platform modules already initialized, skipping
Refreshing native plugins compatible for Editor in 1.39 ms, found 0 plugins.
Preloading 0 native plugins for Editor in 0.00 ms.
Unloading 4110 Unused Serialized files (Serialized files now loaded: 0)
System memory in use before: 194.7 MB.
System memory in use after: 192.3 MB.

Unloading 32 unused Assets to reduce memory usage. Loaded Objects now: 4850.
Total: 6.191100 ms (FindLiveObjects: 0.766900 ms CreateObjectMapping: 0.416800 ms MarkObjects: 2.623300 ms  DeleteObjects: 2.362300 ms)

========================================================================
Received Prepare
Registering precompiled user dll's ...
Registered in 0.001664 seconds.
Begin MonoManager ReloadAssembly
Native extension for Lumin target not found
Native extension for LinuxStandalone target not found
Native extension for WindowsStandalone target not found
Native extension for OSXStandalone target not found
Native extension for WebGL target not found
Refreshing native plugins compatible for Editor in 0.76 ms, found 0 plugins.
Preloading 0 native plugins for Editor in 0.00 ms.
Invoked RoslynAnalysisRunner static constructor.
RoslynAnalysisRunner will not be running.
RoslynAnalysisRunner has terminated.
Mono: successfully reloaded assembly
- Completed reload, in  1.244 seconds
Platform modules already initialized, skipping
Refreshing native plugins compatible for Editor in 0.73 ms, found 0 plugins.
Preloading 0 native plugins for Editor in 0.00 ms.
Unloading 4110 Unused Serialized files (Serialized files now loaded: 0)
System memory in use before: 194.8 MB.
System memory in use after: 192.3 MB.

Unloading 32 unused Assets to reduce memory usage. Loaded Objects now: 4853.
Total: 6.567100 ms (FindLiveObjects: 0.653300 ms CreateObjectMapping: 0.373600 ms MarkObjects: 2.698100 ms  DeleteObjects: 2.837000 ms)

AssetImportWorkerClient::OnTransportError - code=2 error=End of file
